<?xml version="1.0" encoding="UTF-8"?>
<testsuite name="intv.project.AppTest" tests="1" skipped="0" failures="0" errors="0" timestamp="2023-08-24T11:51:05" hostname="DESKTOP-AMSK19C" time="0.015">
  <properties/>
  <testcase name="appHasAGreeting" classname="intv.project.AppTest" time="0.015"/>
  <system-out><![CDATA[]]></system-out>
  <system-err><![CDATA[]]></system-err>
</testsuite>
